{"/Users/Hugo 1/Documents/Cours/5ème_année/Projets/Angular/pokemon/src/app/app.component.html": {"data":{"path":"/Users/Hugo 1/Documents/Cours/5ème_année/Projets/Angular/pokemon/src/app/app.component.html","statementMap":{"0":{"start":{"line":1,"column":0},"end":{"line":1,"column":48}}},"fnMap":{},"branchMap":{},"s":{"0":1},"f":{},"b":{},"_coverageSchema":"43e27e138ebf9cfc5966b082cf9a028302ed4184","hash":"efe214b37d4bcee31f1e793782f4dd0591eb8c91"}}
,"/Users/Hugo 1/Documents/Cours/5ème_année/Projets/Angular/pokemon/src/app/app.component.ts": {"path":"/Users/Hugo 1/Documents/Cours/5ème_année/Projets/Angular/pokemon/src/app/app.component.ts","statementMap":{"0":{"start":{"line":1,"column":0},"end":{"line":1,"column":42}},"1":{"start":{"line":8,"column":0},"end":{"line":8,"column":13}},"2":{"start":{"line":8,"column":13},"end":{"line":9,"column":null}},"3":{"start":{"line":9,"column":0},"end":{"line":9,"column":null}},"4":{"start":{"line":8,"column":13},"end":{"line":8,"column":25}}},"fnMap":{"0":{"name":"(anonymous_0)","decl":{"start":{"line":8,"column":0},"end":{"line":8,"column":13}},"loc":{"start":{"line":8,"column":0},"end":{"line":8,"column":13}}}},"branchMap":{},"s":{"0":1,"1":1,"2":1,"3":1,"4":1},"f":{"0":2},"b":{}}
,"/Users/Hugo 1/Documents/Cours/5ème_année/Projets/Angular/pokemon/src/app/animations/template.animations.ts": {"path":"/Users/Hugo 1/Documents/Cours/5ème_année/Projets/Angular/pokemon/src/app/animations/template.animations.ts","statementMap":{"0":{"start":{"line":1,"column":0},"end":{"line":1,"column":81}},"1":{"start":{"line":3,"column":13},"end":{"line":12,"column":3}}},"fnMap":{},"branchMap":{},"s":{"0":3,"1":3},"f":{},"b":{}}
,"/Users/Hugo 1/Documents/Cours/5ème_année/Projets/Angular/pokemon/src/app/fight/fight.component.html": {"data":{"path":"/Users/Hugo 1/Documents/Cours/5ème_année/Projets/Angular/pokemon/src/app/fight/fight.component.html","statementMap":{"0":{"start":{"line":1,"column":0},"end":{"line":1,"column":3245}}},"fnMap":{},"branchMap":{},"s":{"0":2},"f":{},"b":{},"_coverageSchema":"43e27e138ebf9cfc5966b082cf9a028302ed4184","hash":"50823e32acea1e77114ef67e22e26f9f1172fafe"}}
,"/Users/Hugo 1/Documents/Cours/5ème_année/Projets/Angular/pokemon/src/app/fight/fight.component.ts": {"path":"/Users/Hugo 1/Documents/Cours/5ème_année/Projets/Angular/pokemon/src/app/fight/fight.component.ts","statementMap":{"0":{"start":{"line":1,"column":0},"end":{"line":1,"column":50}},"1":{"start":{"line":2,"column":0},"end":{"line":2,"column":57}},"2":{"start":{"line":3,"column":0},"end":{"line":3,"column":43}},"3":{"start":{"line":4,"column":0},"end":{"line":4,"column":47}},"4":{"start":{"line":5,"column":0},"end":{"line":5,"column":28}},"5":{"start":{"line":8,"column":0},"end":{"line":8,"column":39}},"6":{"start":{"line":10,"column":0},"end":{"line":10,"column":79}},"7":{"start":{"line":11,"column":0},"end":{"line":11,"column":59}},"8":{"start":{"line":13,"column":0},"end":{"line":13,"column":67}},"9":{"start":{"line":21,"column":0},"end":{"line":21,"column":13}},"10":{"start":{"line":33,"column":24},"end":{"line":33,"column":31}},"11":{"start":{"line":33,"column":55},"end":{"line":33,"column":69}},"12":{"start":{"line":33,"column":91},"end":{"line":33,"column":106}},"13":{"start":{"line":26,"column":4},"end":{"line":26,"column":31}},"14":{"start":{"line":27,"column":4},"end":{"line":27,"column":32}},"15":{"start":{"line":30,"column":4},"end":{"line":30,"column":22}},"16":{"start":{"line":31,"column":4},"end":{"line":31,"column":37}},"17":{"start":{"line":36,"column":4},"end":{"line":49,"column":null}},"18":{"start":{"line":36,"column":4},"end":{"line":36,"column":12}},"19":{"start":{"line":38,"column":8},"end":{"line":38,"column":30}},"20":{"start":{"line":40,"column":8},"end":{"line":40,"column":42}},"21":{"start":{"line":42,"column":8},"end":{"line":42,"column":29}},"22":{"start":{"line":44,"column":19},"end":{"line":44,"column":34}},"23":{"start":{"line":45,"column":8},"end":{"line":47,"column":11}},"24":{"start":{"line":46,"column":12},"end":{"line":46,"column":82}},"25":{"start":{"line":51,"column":4},"end":{"line":69,"column":null}},"26":{"start":{"line":51,"column":4},"end":{"line":51,"column":17}},"27":{"start":{"line":55,"column":8},"end":{"line":67,"column":22}},"28":{"start":{"line":56,"column":16},"end":{"line":56,"column":50}},"29":{"start":{"line":57,"column":16},"end":{"line":57,"column":50}},"30":{"start":{"line":58,"column":16},"end":{"line":58,"column":94}},"31":{"start":{"line":60,"column":27},"end":{"line":60,"column":85}},"32":{"start":{"line":62,"column":17},"end":{"line":62,"column":58}},"33":{"start":{"line":65,"column":16},"end":{"line":65,"column":50}},"34":{"start":{"line":71,"column":4},"end":{"line":75,"column":null}},"35":{"start":{"line":73,"column":8},"end":{"line":73,"column":38}},"36":{"start":{"line":77,"column":4},"end":{"line":107,"column":null}},"37":{"start":{"line":79,"column":8},"end":{"line":79,"column":87}},"38":{"start":{"line":81,"column":8},"end":{"line":93,"column":null}},"39":{"start":{"line":82,"column":12},"end":{"line":82,"column":34}},"40":{"start":{"line":83,"column":12},"end":{"line":83,"column":34}},"41":{"start":{"line":84,"column":12},"end":{"line":86,"column":15}},"42":{"start":{"line":85,"column":16},"end":{"line":85,"column":60}},"43":{"start":{"line":88,"column":12},"end":{"line":88,"column":34}},"44":{"start":{"line":89,"column":12},"end":{"line":89,"column":34}},"45":{"start":{"line":90,"column":12},"end":{"line":92,"column":15}},"46":{"start":{"line":91,"column":16},"end":{"line":91,"column":60}},"47":{"start":{"line":94,"column":19},"end":{"line":94,"column":32}},"48":{"start":{"line":95,"column":18},"end":{"line":98,"column":10}},"49":{"start":{"line":96,"column":24},"end":{"line":96,"column":68}},"50":{"start":{"line":97,"column":12},"end":{"line":97,"column":44}},"51":{"start":{"line":99,"column":8},"end":{"line":102,"column":16}},"52":{"start":{"line":100,"column":12},"end":{"line":100,"column":30}},"53":{"start":{"line":101,"column":12},"end":{"line":101,"column":43}},"54":{"start":{"line":103,"column":8},"end":{"line":105,"column":null}},"55":{"start":{"line":104,"column":12},"end":{"line":104,"column":35}},"56":{"start":{"line":109,"column":4},"end":{"line":121,"column":null}},"57":{"start":{"line":111,"column":8},"end":{"line":119,"column":null}},"58":{"start":{"line":112,"column":12},"end":{"line":112,"column":35}},"59":{"start":{"line":113,"column":12},"end":{"line":113,"column":36}},"60":{"start":{"line":114,"column":12},"end":{"line":114,"column":42}},"61":{"start":{"line":115,"column":12},"end":{"line":115,"column":33}},"62":{"start":{"line":117,"column":12},"end":{"line":117,"column":45}},"63":{"start":{"line":118,"column":12},"end":{"line":118,"column":56}},"64":{"start":{"line":123,"column":4},"end":{"line":127,"column":null}},"65":{"start":{"line":125,"column":8},"end":{"line":125,"column":94}},"66":{"start":{"line":21,"column":13},"end":{"line":129,"column":null}},"67":{"start":{"line":129,"column":0},"end":{"line":129,"column":null}},"68":{"start":{"line":21,"column":13},"end":{"line":21,"column":27}}},"fnMap":{"0":{"name":"(anonymous_0)","decl":{"start":{"line":21,"column":0},"end":{"line":21,"column":13}},"loc":{"start":{"line":21,"column":0},"end":{"line":21,"column":13}}},"1":{"name":"FightComponent","decl":{"start":{"line":33,"column":4},"end":{"line":33,"column":24}},"loc":{"start":{"line":33,"column":119},"end":{"line":34,"column":5}}},"2":{"name":"(anonymous_2)","decl":{"start":{"line":36,"column":4},"end":{"line":36,"column":12}},"loc":{"start":{"line":36,"column":4},"end":{"line":49,"column":5}}},"3":{"name":"(anonymous_3)","decl":{"start":{"line":45,"column":23},"end":{"line":45,"column":26}},"loc":{"start":{"line":45,"column":26},"end":{"line":47,"column":9}}},"4":{"name":"(anonymous_4)","decl":{"start":{"line":51,"column":4},"end":{"line":51,"column":17}},"loc":{"start":{"line":51,"column":4},"end":{"line":69,"column":5}}},"5":{"name":"(anonymous_5)","decl":{"start":{"line":55,"column":53},"end":{"line":55,"column":54}},"loc":{"start":{"line":55,"column":68},"end":{"line":59,"column":13}}},"6":{"name":"(anonymous_6)","decl":{"start":{"line":60,"column":21},"end":{"line":60,"column":27}},"loc":{"start":{"line":60,"column":21},"end":{"line":60,"column":31}}},"7":{"name":"(anonymous_7)","decl":{"start":{"line":61,"column":16},"end":{"line":61,"column":17}},"loc":{"start":{"line":61,"column":36},"end":{"line":63,"column":13}}},"8":{"name":"(anonymous_8)","decl":{"start":{"line":64,"column":21},"end":{"line":64,"column":null}},"loc":{"start":{"line":64,"column":21},"end":{"line":66,"column":13}}},"9":{"name":"(anonymous_9)","decl":{"start":{"line":71,"column":4},"end":{"line":71,"column":15}},"loc":{"start":{"line":71,"column":4},"end":{"line":75,"column":5}}},"10":{"name":"(anonymous_10)","decl":{"start":{"line":77,"column":4},"end":{"line":77,"column":19}},"loc":{"start":{"line":77,"column":84},"end":{"line":107,"column":5}}},"11":{"name":"(anonymous_11)","decl":{"start":{"line":84,"column":56},"end":{"line":84,"column":null}},"loc":{"start":{"line":84,"column":56},"end":{"line":86,"column":13}}},"12":{"name":"(anonymous_12)","decl":{"start":{"line":90,"column":56},"end":{"line":90,"column":null}},"loc":{"start":{"line":90,"column":56},"end":{"line":92,"column":13}}},"13":{"name":"(anonymous_13)","decl":{"start":{"line":95,"column":33},"end":{"line":95,"column":36}},"loc":{"start":{"line":95,"column":36},"end":{"line":98,"column":9}}},"14":{"name":"(anonymous_14)","decl":{"start":{"line":99,"column":19},"end":{"line":99,"column":null}},"loc":{"start":{"line":99,"column":19},"end":{"line":102,"column":9}}},"15":{"name":"(anonymous_15)","decl":{"start":{"line":109,"column":4},"end":{"line":109,"column":20}},"loc":{"start":{"line":109,"column":4},"end":{"line":121,"column":5}}},"16":{"name":"(anonymous_16)","decl":{"start":{"line":123,"column":4},"end":{"line":123,"column":19}},"loc":{"start":{"line":123,"column":4},"end":{"line":127,"column":5}}}},"branchMap":{"0":{"loc":{"start":{"line":46,"column":60},"end":{"line":46,"column":70}},"type":"cond-expr","locations":[{"start":{"line":46,"column":60},"end":{"line":46,"column":70}},{"start":{"line":46,"column":73},"end":{"line":46,"column":81}}]},"1":{"loc":{"start":{"line":81,"column":8},"end":{"line":93,"column":null}},"type":"if","locations":[{"start":{"line":81,"column":8},"end":{"line":93,"column":null}},{"start":{"line":81,"column":8},"end":{"line":93,"column":null}}]},"2":{"loc":{"start":{"line":96,"column":59},"end":{"line":96,"column":62}},"type":"cond-expr","locations":[{"start":{"line":96,"column":59},"end":{"line":96,"column":62}},{"start":{"line":96,"column":65},"end":{"line":96,"column":68}}]},"3":{"loc":{"start":{"line":103,"column":8},"end":{"line":105,"column":null}},"type":"if","locations":[{"start":{"line":103,"column":8},"end":{"line":105,"column":null}},{"start":{"line":103,"column":8},"end":{"line":105,"column":null}}]},"4":{"loc":{"start":{"line":103,"column":12},"end":{"line":103,"column":28}},"type":"binary-expr","locations":[{"start":{"line":103,"column":12},"end":{"line":103,"column":28}},{"start":{"line":103,"column":32},"end":{"line":103,"column":48}}]},"5":{"loc":{"start":{"line":111,"column":8},"end":{"line":119,"column":null}},"type":"if","locations":[{"start":{"line":111,"column":8},"end":{"line":119,"column":null}},{"start":{"line":111,"column":8},"end":{"line":119,"column":null}}]}},"s":{"0":2,"1":2,"2":2,"3":2,"4":2,"5":2,"6":2,"7":2,"8":2,"9":2,"10":1,"11":1,"12":1,"13":1,"14":1,"15":1,"16":1,"17":2,"18":1,"19":1,"20":1,"21":1,"22":1,"23":1,"24":0,"25":2,"26":1,"27":1,"28":1,"29":1,"30":1,"31":0,"32":0,"33":0,"34":2,"35":0,"36":2,"37":0,"38":0,"39":0,"40":0,"41":0,"42":0,"43":0,"44":0,"45":0,"46":0,"47":0,"48":0,"49":0,"50":0,"51":0,"52":0,"53":0,"54":0,"55":0,"56":2,"57":0,"58":0,"59":0,"60":0,"61":0,"62":0,"63":0,"64":2,"65":0,"66":2,"67":2,"68":2},"f":{"0":2,"1":1,"2":1,"3":0,"4":1,"5":1,"6":0,"7":0,"8":0,"9":0,"10":0,"11":0,"12":0,"13":0,"14":0,"15":0,"16":0},"b":{"0":[0,0],"1":[0,0],"2":[0,0],"3":[0,0],"4":[0,0],"5":[0,0]}}
,"/Users/Hugo 1/Documents/Cours/5ème_année/Projets/Angular/pokemon/src/app/home/home.component.html": {"data":{"path":"/Users/Hugo 1/Documents/Cours/5ème_année/Projets/Angular/pokemon/src/app/home/home.component.html","statementMap":{"0":{"start":{"line":1,"column":0},"end":{"line":1,"column":1976}}},"fnMap":{},"branchMap":{},"s":{"0":2},"f":{},"b":{},"_coverageSchema":"43e27e138ebf9cfc5966b082cf9a028302ed4184","hash":"565ffbb9c9282768af85b6dff5979be265704f4d"}}
,"/Users/Hugo 1/Documents/Cours/5ème_année/Projets/Angular/pokemon/src/app/home/home.component.ts": {"path":"/Users/Hugo 1/Documents/Cours/5ème_année/Projets/Angular/pokemon/src/app/home/home.component.ts","statementMap":{"0":{"start":{"line":1,"column":0},"end":{"line":1,"column":50}},"1":{"start":{"line":2,"column":0},"end":{"line":2,"column":29}},"2":{"start":{"line":3,"column":0},"end":{"line":3,"column":28}},"3":{"start":{"line":6,"column":0},"end":{"line":6,"column":61}},"4":{"start":{"line":8,"column":0},"end":{"line":8,"column":67}},"5":{"start":{"line":16,"column":0},"end":{"line":16,"column":13}},"6":{"start":{"line":22,"column":24},"end":{"line":22,"column":40}},"7":{"start":{"line":19,"column":4},"end":{"line":19,"column":37}},"8":{"start":{"line":20,"column":4},"end":{"line":20,"column":37}},"9":{"start":{"line":25,"column":4},"end":{"line":43,"column":null}},"10":{"start":{"line":25,"column":4},"end":{"line":25,"column":12}},"11":{"start":{"line":27,"column":8},"end":{"line":27,"column":30}},"12":{"start":{"line":29,"column":8},"end":{"line":36,"column":11}},"13":{"start":{"line":30,"column":12},"end":{"line":32,"column":15}},"14":{"start":{"line":31,"column":16},"end":{"line":31,"column":44}},"15":{"start":{"line":33,"column":12},"end":{"line":33,"column":37}},"16":{"start":{"line":35,"column":12},"end":{"line":35,"column":42}},"17":{"start":{"line":38,"column":19},"end":{"line":38,"column":34}},"18":{"start":{"line":39,"column":8},"end":{"line":41,"column":11}},"19":{"start":{"line":40,"column":12},"end":{"line":40,"column":82}},"20":{"start":{"line":45,"column":4},"end":{"line":65,"column":null}},"21":{"start":{"line":47,"column":20},"end":{"line":47,"column":25}},"22":{"start":{"line":48,"column":8},"end":{"line":52,"column":11}},"23":{"start":{"line":49,"column":12},"end":{"line":51,"column":null}},"24":{"start":{"line":50,"column":16},"end":{"line":50,"column":29}},"25":{"start":{"line":53,"column":8},"end":{"line":63,"column":null}},"26":{"start":{"line":54,"column":12},"end":{"line":54,"column":40}},"27":{"start":{"line":55,"column":12},"end":{"line":55,"column":84}},"28":{"start":{"line":57,"column":12},"end":{"line":60,"column":null}},"29":{"start":{"line":58,"column":16},"end":{"line":58,"column":61}},"30":{"start":{"line":59,"column":16},"end":{"line":59,"column":51}},"31":{"start":{"line":61,"column":12},"end":{"line":61,"column":39}},"32":{"start":{"line":62,"column":12},"end":{"line":62,"column":48}},"33":{"start":{"line":67,"column":4},"end":{"line":71,"column":null}},"34":{"start":{"line":69,"column":8},"end":{"line":69,"column":88}},"35":{"start":{"line":16,"column":13},"end":{"line":73,"column":null}},"36":{"start":{"line":73,"column":0},"end":{"line":73,"column":null}},"37":{"start":{"line":16,"column":13},"end":{"line":16,"column":26}}},"fnMap":{"0":{"name":"(anonymous_0)","decl":{"start":{"line":16,"column":0},"end":{"line":16,"column":13}},"loc":{"start":{"line":16,"column":0},"end":{"line":16,"column":13}}},"1":{"name":"HomeComponent","decl":{"start":{"line":22,"column":4},"end":{"line":22,"column":24}},"loc":{"start":{"line":22,"column":54},"end":{"line":23,"column":5}}},"2":{"name":"(anonymous_2)","decl":{"start":{"line":25,"column":4},"end":{"line":25,"column":12}},"loc":{"start":{"line":25,"column":4},"end":{"line":43,"column":5}}},"3":{"name":"(anonymous_3)","decl":{"start":{"line":29,"column":55},"end":{"line":29,"column":63}},"loc":{"start":{"line":29,"column":63},"end":{"line":34,"column":9}}},"4":{"name":"(anonymous_4)","decl":{"start":{"line":30,"column":29},"end":{"line":30,"column":36}},"loc":{"start":{"line":30,"column":36},"end":{"line":32,"column":13}}},"5":{"name":"(anonymous_5)","decl":{"start":{"line":34,"column":11},"end":{"line":34,"column":12}},"loc":{"start":{"line":34,"column":17},"end":{"line":36,"column":9}}},"6":{"name":"(anonymous_6)","decl":{"start":{"line":39,"column":23},"end":{"line":39,"column":26}},"loc":{"start":{"line":39,"column":26},"end":{"line":41,"column":9}}},"7":{"name":"(anonymous_7)","decl":{"start":{"line":45,"column":4},"end":{"line":45,"column":17}},"loc":{"start":{"line":45,"column":34},"end":{"line":65,"column":5}}},"8":{"name":"(anonymous_8)","decl":{"start":{"line":48,"column":38},"end":{"line":48,"column":42}},"loc":{"start":{"line":48,"column":42},"end":{"line":52,"column":9}}},"9":{"name":"(anonymous_9)","decl":{"start":{"line":67,"column":4},"end":{"line":67,"column":19}},"loc":{"start":{"line":67,"column":4},"end":{"line":71,"column":5}}}},"branchMap":{"0":{"loc":{"start":{"line":40,"column":60},"end":{"line":40,"column":70}},"type":"cond-expr","locations":[{"start":{"line":40,"column":60},"end":{"line":40,"column":70}},{"start":{"line":40,"column":73},"end":{"line":40,"column":81}}]},"1":{"loc":{"start":{"line":49,"column":12},"end":{"line":51,"column":null}},"type":"if","locations":[{"start":{"line":49,"column":12},"end":{"line":51,"column":null}},{"start":{"line":49,"column":12},"end":{"line":51,"column":null}}]},"2":{"loc":{"start":{"line":53,"column":8},"end":{"line":63,"column":null}},"type":"if","locations":[{"start":{"line":53,"column":8},"end":{"line":63,"column":null}},{"start":{"line":53,"column":8},"end":{"line":63,"column":null}}]},"3":{"loc":{"start":{"line":57,"column":12},"end":{"line":60,"column":null}},"type":"if","locations":[{"start":{"line":57,"column":12},"end":{"line":60,"column":null}},{"start":{"line":57,"column":12},"end":{"line":60,"column":null}}]}},"s":{"0":2,"1":2,"2":2,"3":2,"4":2,"5":2,"6":1,"7":1,"8":1,"9":2,"10":1,"11":1,"12":1,"13":0,"14":0,"15":0,"16":1,"17":1,"18":1,"19":0,"20":2,"21":0,"22":0,"23":0,"24":0,"25":0,"26":0,"27":0,"28":0,"29":0,"30":0,"31":0,"32":0,"33":2,"34":0,"35":2,"36":2,"37":2},"f":{"0":2,"1":1,"2":1,"3":0,"4":0,"5":1,"6":0,"7":0,"8":0,"9":0},"b":{"0":[0,0],"1":[0,0],"2":[0,0],"3":[0,0]}}
,"/Users/Hugo 1/Documents/Cours/5ème_année/Projets/Angular/pokemon/src/app/model/log.ts": {"path":"/Users/Hugo 1/Documents/Cours/5ème_année/Projets/Angular/pokemon/src/app/model/log.ts","statementMap":{"0":{"start":{"line":1,"column":0},"end":{"line":1,"column":13}},"1":{"start":{"line":3,"column":25},"end":{"line":3,"column":37}},"2":{"start":{"line":3,"column":48},"end":{"line":3,"column":58}},"3":{"start":{"line":3,"column":69},"end":{"line":3,"column":82}},"4":{"start":{"line":6,"column":0},"end":{"line":6,"column":null}},"5":{"start":{"line":1,"column":13},"end":{"line":1,"column":16}},"6":{"start":{"line":8,"column":0},"end":{"line":8,"column":null}},"7":{"start":{"line":10,"column":4},"end":{"line":10,"column":null}},"8":{"start":{"line":11,"column":4},"end":{"line":11,"column":null}},"9":{"start":{"line":12,"column":4},"end":{"line":12,"column":null}},"10":{"start":{"line":13,"column":4},"end":{"line":13,"column":null}}},"fnMap":{"0":{"name":"(anonymous_0)","decl":{"start":{"line":1,"column":0},"end":{"line":1,"column":13}},"loc":{"start":{"line":1,"column":0},"end":{"line":6,"column":null}}},"1":{"name":"Log","decl":{"start":{"line":3,"column":4},"end":{"line":3,"column":25}},"loc":{"start":{"line":3,"column":82},"end":{"line":4,"column":5}}},"2":{"name":"(anonymous_2)","decl":{"start":{"line":8,"column":0},"end":{"line":8,"column":12}},"loc":{"start":{"line":8,"column":19},"end":{"line":15,"column":1}}}},"branchMap":{"0":{"loc":{"start":{"line":8,"column":12},"end":{"line":8,"column":19}},"type":"binary-expr","locations":[{"start":{"line":8,"column":12},"end":{"line":8,"column":19}},{"start":{"line":8,"column":12},"end":{"line":8,"column":null}}]}},"s":{"0":5,"1":4,"2":4,"3":4,"4":5,"5":5,"6":5,"7":5,"8":5,"9":5,"10":5},"f":{"0":5,"1":4,"2":5},"b":{"0":[5,5]}}
,"/Users/Hugo 1/Documents/Cours/5ème_année/Projets/Angular/pokemon/src/app/model/pokemon.ts": {"path":"/Users/Hugo 1/Documents/Cours/5ème_année/Projets/Angular/pokemon/src/app/model/pokemon.ts","statementMap":{"0":{"start":{"line":1,"column":0},"end":{"line":1,"column":13}},"1":{"start":{"line":4,"column":15},"end":{"line":4,"column":27}},"2":{"start":{"line":5,"column":15},"end":{"line":5,"column":28}},"3":{"start":{"line":6,"column":15},"end":{"line":6,"column":25}},"4":{"start":{"line":7,"column":15},"end":{"line":7,"column":28}},"5":{"start":{"line":8,"column":15},"end":{"line":8,"column":35}},"6":{"start":{"line":9,"column":15},"end":{"line":9,"column":29}},"7":{"start":{"line":10,"column":15},"end":{"line":10,"column":30}},"8":{"start":{"line":11,"column":15},"end":{"line":11,"column":28}},"9":{"start":{"line":12,"column":15},"end":{"line":12,"column":27}},"10":{"start":{"line":13,"column":15},"end":{"line":13,"column":33}},"11":{"start":{"line":14,"column":15},"end":{"line":14,"column":35}},"12":{"start":{"line":15,"column":15},"end":{"line":15,"column":34}},"13":{"start":{"line":18,"column":11},"end":{"line":35,"column":null}},"14":{"start":{"line":20,"column":8},"end":{"line":33,"column":10}},"15":{"start":{"line":37,"column":11},"end":{"line":51,"column":null}},"16":{"start":{"line":37,"column":4},"end":{"line":37,"column":11}},"17":{"start":{"line":38,"column":8},"end":{"line":38,"column":null}},"18":{"start":{"line":38,"column":45},"end":{"line":38,"column":null}},"19":{"start":{"line":41,"column":21},"end":{"line":41,"column":49}},"20":{"start":{"line":42,"column":24},"end":{"line":42,"column":58}},"21":{"start":{"line":43,"column":8},"end":{"line":43,"column":28}},"22":{"start":{"line":44,"column":8},"end":{"line":48,"column":null}},"23":{"start":{"line":45,"column":12},"end":{"line":45,"column":74}},"24":{"start":{"line":47,"column":12},"end":{"line":47,"column":35}},"25":{"start":{"line":49,"column":8},"end":{"line":49,"column":52}},"26":{"start":{"line":53,"column":0},"end":{"line":53,"column":null}},"27":{"start":{"line":1,"column":13},"end":{"line":1,"column":20}},"28":{"start":{"line":55,"column":0},"end":{"line":55,"column":13}},"29":{"start":{"line":57,"column":25},"end":{"line":57,"column":40}},"30":{"start":{"line":57,"column":51},"end":{"line":57,"column":63}},"31":{"start":{"line":60,"column":0},"end":{"line":60,"column":null}},"32":{"start":{"line":55,"column":13},"end":{"line":55,"column":25}},"33":{"start":{"line":62,"column":0},"end":{"line":62,"column":13}},"34":{"start":{"line":65,"column":15},"end":{"line":65,"column":27}},"35":{"start":{"line":66,"column":15},"end":{"line":66,"column":28}},"36":{"start":{"line":69,"column":11},"end":{"line":73,"column":null}},"37":{"start":{"line":71,"column":8},"end":{"line":71,"column":126}},"38":{"start":{"line":75,"column":0},"end":{"line":75,"column":null}},"39":{"start":{"line":62,"column":13},"end":{"line":62,"column":17}}},"fnMap":{"0":{"name":"(anonymous_0)","decl":{"start":{"line":1,"column":0},"end":{"line":1,"column":13}},"loc":{"start":{"line":1,"column":0},"end":{"line":53,"column":null}}},"1":{"name":"Pokemon","decl":{"start":{"line":3,"column":4},"end":{"line":3,"column":null}},"loc":{"start":{"line":15,"column":34},"end":{"line":16,"column":9}}},"2":{"name":"(anonymous_2)","decl":{"start":{"line":18,"column":4},"end":{"line":18,"column":11}},"loc":{"start":{"line":18,"column":34},"end":{"line":35,"column":5}}},"3":{"name":"(anonymous_3)","decl":{"start":{"line":37,"column":4},"end":{"line":37,"column":11}},"loc":{"start":{"line":38,"column":102},"end":{"line":51,"column":5}}},"4":{"name":"(anonymous_4)","decl":{"start":{"line":38,"column":8},"end":{"line":38,"column":45}},"loc":{"start":{"line":38,"column":8},"end":{"line":38,"column":49}}},"5":{"name":"(anonymous_5)","decl":{"start":{"line":55,"column":0},"end":{"line":55,"column":13}},"loc":{"start":{"line":55,"column":0},"end":{"line":60,"column":null}}},"6":{"name":"AttackResult","decl":{"start":{"line":57,"column":4},"end":{"line":57,"column":25}},"loc":{"start":{"line":57,"column":63},"end":{"line":58,"column":5}}},"7":{"name":"(anonymous_7)","decl":{"start":{"line":62,"column":0},"end":{"line":62,"column":13}},"loc":{"start":{"line":62,"column":0},"end":{"line":75,"column":null}}},"8":{"name":"Move","decl":{"start":{"line":64,"column":4},"end":{"line":64,"column":null}},"loc":{"start":{"line":66,"column":28},"end":{"line":67,"column":9}}},"9":{"name":"(anonymous_9)","decl":{"start":{"line":69,"column":4},"end":{"line":69,"column":11}},"loc":{"start":{"line":69,"column":62},"end":{"line":73,"column":5}}}},"branchMap":{"0":{"loc":{"start":{"line":38,"column":8},"end":{"line":38,"column":null}},"type":"if","locations":[{"start":{"line":38,"column":8},"end":{"line":38,"column":null}},{"start":{"line":38,"column":8},"end":{"line":38,"column":null}}]},"1":{"loc":{"start":{"line":44,"column":8},"end":{"line":48,"column":null}},"type":"if","locations":[{"start":{"line":44,"column":8},"end":{"line":48,"column":null}},{"start":{"line":44,"column":8},"end":{"line":48,"column":null}}]}},"s":{"0":6,"1":6,"2":6,"3":6,"4":6,"5":6,"6":6,"7":6,"8":6,"9":6,"10":6,"11":6,"12":6,"13":6,"14":1,"15":6,"16":1,"17":1,"18":0,"19":1,"20":1,"21":1,"22":1,"23":1,"24":0,"25":1,"26":6,"27":6,"28":6,"29":1,"30":1,"31":6,"32":6,"33":6,"34":11,"35":11,"36":6,"37":2,"38":6,"39":6},"f":{"0":6,"1":6,"2":1,"3":1,"4":0,"5":6,"6":1,"7":6,"8":11,"9":2},"b":{"0":[0,1],"1":[1,0]}}
,"/Users/Hugo 1/Documents/Cours/5ème_année/Projets/Angular/pokemon/src/app/services/fight.service.ts": {"path":"/Users/Hugo 1/Documents/Cours/5ème_année/Projets/Angular/pokemon/src/app/services/fight.service.ts","statementMap":{"0":{"start":{"line":1,"column":0},"end":{"line":1,"column":43}},"1":{"start":{"line":2,"column":0},"end":{"line":2,"column":34}},"2":{"start":{"line":3,"column":0},"end":{"line":3,"column":60}},"3":{"start":{"line":6,"column":0},"end":{"line":6,"column":44}},"4":{"start":{"line":8,"column":0},"end":{"line":8,"column":51}},"5":{"start":{"line":9,"column":0},"end":{"line":9,"column":49}},"6":{"start":{"line":16,"column":0},"end":{"line":16,"column":13}},"7":{"start":{"line":25,"column":24},"end":{"line":25,"column":39}},"8":{"start":{"line":25,"column":62},"end":{"line":25,"column":78}},"9":{"start":{"line":22,"column":12},"end":{"line":22,"column":27}},"10":{"start":{"line":28,"column":4},"end":{"line":32,"column":null}},"11":{"start":{"line":30,"column":8},"end":{"line":30,"column":33}},"12":{"start":{"line":34,"column":4},"end":{"line":38,"column":null}},"13":{"start":{"line":36,"column":8},"end":{"line":36,"column":70}},"14":{"start":{"line":40,"column":4},"end":{"line":71,"column":null}},"15":{"start":{"line":40,"column":4},"end":{"line":40,"column":15}},"16":{"start":{"line":45,"column":8},"end":{"line":69,"column":14}},"17":{"start":{"line":48,"column":33},"end":{"line":48,"column":52}},"18":{"start":{"line":50,"column":20},"end":{"line":50,"column":79}},"19":{"start":{"line":53,"column":20},"end":{"line":53,"column":39}},"20":{"start":{"line":54,"column":20},"end":{"line":54,"column":51}},"21":{"start":{"line":55,"column":20},"end":{"line":55,"column":168}},"22":{"start":{"line":57,"column":20},"end":{"line":57,"column":44}},"23":{"start":{"line":58,"column":20},"end":{"line":58,"column":40}},"24":{"start":{"line":60,"column":36},"end":{"line":60,"column":78}},"25":{"start":{"line":61,"column":34},"end":{"line":61,"column":76}},"26":{"start":{"line":63,"column":20},"end":{"line":63,"column":44}},"27":{"start":{"line":64,"column":20},"end":{"line":64,"column":42}},"28":{"start":{"line":66,"column":20},"end":{"line":66,"column":137}},"29":{"start":{"line":68,"column":26},"end":{"line":68,"column":47}},"30":{"start":{"line":73,"column":4},"end":{"line":81,"column":null}},"31":{"start":{"line":75,"column":8},"end":{"line":78,"column":null}},"32":{"start":{"line":76,"column":23},"end":{"line":76,"column":60}},"33":{"start":{"line":77,"column":12},"end":{"line":77,"column":82}},"34":{"start":{"line":79,"column":8},"end":{"line":79,"column":28}},"35":{"start":{"line":83,"column":4},"end":{"line":115,"column":null}},"36":{"start":{"line":83,"column":4},"end":{"line":83,"column":10}},"37":{"start":{"line":85,"column":8},"end":{"line":113,"column":14}},"38":{"start":{"line":87,"column":29},"end":{"line":87,"column":43}},"39":{"start":{"line":88,"column":29},"end":{"line":88,"column":42}},"40":{"start":{"line":91,"column":41},"end":{"line":91,"column":78}},"41":{"start":{"line":93,"column":20},"end":{"line":93,"column":227}},"42":{"start":{"line":95,"column":20},"end":{"line":95,"column":94}},"43":{"start":{"line":97,"column":20},"end":{"line":99,"column":null}},"44":{"start":{"line":98,"column":24},"end":{"line":98,"column":45}},"45":{"start":{"line":100,"column":20},"end":{"line":100,"column":156}},"46":{"start":{"line":102,"column":20},"end":{"line":105,"column":null}},"47":{"start":{"line":103,"column":24},"end":{"line":103,"column":52}},"48":{"start":{"line":104,"column":24},"end":{"line":104,"column":138}},"49":{"start":{"line":107,"column":32},"end":{"line":107,"column":45}},"50":{"start":{"line":108,"column":20},"end":{"line":108,"column":50}},"51":{"start":{"line":109,"column":20},"end":{"line":109,"column":40}},"52":{"start":{"line":112,"column":26},"end":{"line":112,"column":40}},"53":{"start":{"line":117,"column":12},"end":{"line":132,"column":null}},"54":{"start":{"line":119,"column":8},"end":{"line":128,"column":null}},"55":{"start":{"line":120,"column":12},"end":{"line":127,"column":15}},"56":{"start":{"line":121,"column":16},"end":{"line":121,"column":32}},"57":{"start":{"line":122,"column":33},"end":{"line":122,"column":73}},"58":{"start":{"line":122,"column":51},"end":{"line":122,"column":68}},"59":{"start":{"line":123,"column":16},"end":{"line":126,"column":18}},"60":{"start":{"line":124,"column":20},"end":{"line":124,"column":40}},"61":{"start":{"line":125,"column":20},"end":{"line":125,"column":44}},"62":{"start":{"line":130,"column":8},"end":{"line":130,"column":39}},"63":{"start":{"line":16,"column":13},"end":{"line":134,"column":null}},"64":{"start":{"line":134,"column":0},"end":{"line":134,"column":null}},"65":{"start":{"line":16,"column":13},"end":{"line":16,"column":25}}},"fnMap":{"0":{"name":"(anonymous_0)","decl":{"start":{"line":16,"column":0},"end":{"line":16,"column":13}},"loc":{"start":{"line":16,"column":0},"end":{"line":16,"column":13}}},"1":{"name":"FightService","decl":{"start":{"line":25,"column":4},"end":{"line":25,"column":24}},"loc":{"start":{"line":25,"column":92},"end":{"line":26,"column":5}}},"2":{"name":"(anonymous_2)","decl":{"start":{"line":28,"column":4},"end":{"line":28,"column":13}},"loc":{"start":{"line":28,"column":44},"end":{"line":32,"column":5}}},"3":{"name":"(anonymous_3)","decl":{"start":{"line":34,"column":4},"end":{"line":34,"column":21}},"loc":{"start":{"line":34,"column":58},"end":{"line":38,"column":5}}},"4":{"name":"(anonymous_4)","decl":{"start":{"line":40,"column":4},"end":{"line":40,"column":15}},"loc":{"start":{"line":40,"column":58},"end":{"line":71,"column":5}}},"5":{"name":"(anonymous_5)","decl":{"start":{"line":48,"column":20},"end":{"line":48,"column":21}},"loc":{"start":{"line":48,"column":28},"end":{"line":48,"column":41}}},"6":{"name":"(anonymous_6)","decl":{"start":{"line":49,"column":25},"end":{"line":49,"column":null}},"loc":{"start":{"line":49,"column":25},"end":{"line":51,"column":17}}},"7":{"name":"(anonymous_7)","decl":{"start":{"line":52,"column":20},"end":{"line":52,"column":21}},"loc":{"start":{"line":52,"column":28},"end":{"line":67,"column":17}}},"8":{"name":"(anonymous_8)","decl":{"start":{"line":68,"column":20},"end":{"line":68,"column":26}},"loc":{"start":{"line":68,"column":20},"end":{"line":68,"column":27}}},"9":{"name":"(anonymous_9)","decl":{"start":{"line":73,"column":4},"end":{"line":73,"column":12}},"loc":{"start":{"line":73,"column":17},"end":{"line":81,"column":5}}},"10":{"name":"(anonymous_10)","decl":{"start":{"line":83,"column":4},"end":{"line":83,"column":10}},"loc":{"start":{"line":83,"column":4},"end":{"line":115,"column":5}}},"11":{"name":"(anonymous_11)","decl":{"start":{"line":87,"column":23},"end":{"line":87,"column":29}},"loc":{"start":{"line":87,"column":23},"end":{"line":87,"column":30}}},"12":{"name":"(anonymous_12)","decl":{"start":{"line":88,"column":23},"end":{"line":88,"column":29}},"loc":{"start":{"line":88,"column":23},"end":{"line":88,"column":30}}},"13":{"name":"(anonymous_13)","decl":{"start":{"line":89,"column":20},"end":{"line":89,"column":null}},"loc":{"start":{"line":89,"column":20},"end":{"line":111,"column":17}}},"14":{"name":"(anonymous_14)","decl":{"start":{"line":112,"column":20},"end":{"line":112,"column":26}},"loc":{"start":{"line":112,"column":20},"end":{"line":112,"column":30}}},"15":{"name":"(anonymous_15)","decl":{"start":{"line":117,"column":4},"end":{"line":117,"column":12}},"loc":{"start":{"line":117,"column":4},"end":{"line":132,"column":5}}},"16":{"name":"(anonymous_16)","decl":{"start":{"line":120,"column":59},"end":{"line":120,"column":67}},"loc":{"start":{"line":120,"column":67},"end":{"line":127,"column":13}}},"17":{"name":"(anonymous_17)","decl":{"start":{"line":122,"column":45},"end":{"line":122,"column":51}},"loc":{"start":{"line":122,"column":45},"end":{"line":122,"column":59}}},"18":{"name":"(anonymous_18)","decl":{"start":{"line":123,"column":23},"end":{"line":123,"column":null}},"loc":{"start":{"line":123,"column":23},"end":{"line":126,"column":17}}}},"branchMap":{"0":{"loc":{"start":{"line":36,"column":50},"end":{"line":36,"column":58}},"type":"cond-expr","locations":[{"start":{"line":36,"column":50},"end":{"line":36,"column":58}},{"start":{"line":36,"column":61},"end":{"line":36,"column":69}}]},"1":{"loc":{"start":{"line":61,"column":57},"end":{"line":61,"column":65}},"type":"cond-expr","locations":[{"start":{"line":61,"column":57},"end":{"line":61,"column":65}},{"start":{"line":61,"column":68},"end":{"line":61,"column":76}}]},"2":{"loc":{"start":{"line":75,"column":8},"end":{"line":78,"column":null}},"type":"if","locations":[{"start":{"line":75,"column":8},"end":{"line":78,"column":null}},{"start":{"line":75,"column":8},"end":{"line":78,"column":null}}]},"3":{"loc":{"start":{"line":75,"column":12},"end":{"line":75,"column":46}},"type":"binary-expr","locations":[{"start":{"line":75,"column":12},"end":{"line":75,"column":46}},{"start":{"line":75,"column":50},"end":{"line":75,"column":62}}]},"4":{"loc":{"start":{"line":76,"column":30},"end":{"line":76,"column":43}},"type":"cond-expr","locations":[{"start":{"line":76,"column":30},"end":{"line":76,"column":43}},{"start":{"line":76,"column":46},"end":{"line":76,"column":60}}]},"5":{"loc":{"start":{"line":97,"column":20},"end":{"line":99,"column":null}},"type":"if","locations":[{"start":{"line":97,"column":20},"end":{"line":99,"column":null}},{"start":{"line":97,"column":20},"end":{"line":99,"column":null}}]},"6":{"loc":{"start":{"line":102,"column":20},"end":{"line":105,"column":null}},"type":"if","locations":[{"start":{"line":102,"column":20},"end":{"line":105,"column":null}},{"start":{"line":102,"column":20},"end":{"line":105,"column":null}}]},"7":{"loc":{"start":{"line":119,"column":8},"end":{"line":128,"column":null}},"type":"if","locations":[{"start":{"line":119,"column":8},"end":{"line":128,"column":null}},{"start":{"line":119,"column":8},"end":{"line":128,"column":null}}]}},"s":{"0":3,"1":3,"2":3,"3":3,"4":3,"5":3,"6":3,"7":3,"8":3,"9":3,"10":3,"11":1,"12":3,"13":2,"14":3,"15":0,"16":0,"17":0,"18":0,"19":0,"20":0,"21":0,"22":0,"23":0,"24":0,"25":0,"26":0,"27":0,"28":0,"29":0,"30":3,"31":0,"32":0,"33":0,"34":0,"35":3,"36":0,"37":0,"38":0,"39":0,"40":0,"41":0,"42":0,"43":0,"44":0,"45":0,"46":0,"47":0,"48":0,"49":0,"50":0,"51":0,"52":0,"53":3,"54":0,"55":0,"56":0,"57":0,"58":0,"59":0,"60":0,"61":0,"62":0,"63":3,"64":3,"65":3},"f":{"0":3,"1":3,"2":1,"3":2,"4":0,"5":0,"6":0,"7":0,"8":0,"9":0,"10":0,"11":0,"12":0,"13":0,"14":0,"15":0,"16":0,"17":0,"18":0},"b":{"0":[1,1],"1":[0,0],"2":[0,0],"3":[0,0],"4":[0,0],"5":[0,0],"6":[0,0],"7":[0,0]}}
,"/Users/Hugo 1/Documents/Cours/5ème_année/Projets/Angular/pokemon/src/app/services/logger.service.ts": {"path":"/Users/Hugo 1/Documents/Cours/5ème_année/Projets/Angular/pokemon/src/app/services/logger.service.ts","statementMap":{"0":{"start":{"line":1,"column":0},"end":{"line":1,"column":43}},"1":{"start":{"line":5,"column":0},"end":{"line":5,"column":13}},"2":{"start":{"line":7,"column":11},"end":{"line":7,"column":31}},"3":{"start":{"line":12,"column":11},"end":{"line":16,"column":null}},"4":{"start":{"line":14,"column":8},"end":{"line":14,"column":28}},"5":{"start":{"line":18,"column":11},"end":{"line":22,"column":null}},"6":{"start":{"line":20,"column":8},"end":{"line":20,"column":23}},"7":{"start":{"line":5,"column":13},"end":{"line":24,"column":null}},"8":{"start":{"line":24,"column":0},"end":{"line":24,"column":null}},"9":{"start":{"line":5,"column":13},"end":{"line":5,"column":26}}},"fnMap":{"0":{"name":"(anonymous_0)","decl":{"start":{"line":5,"column":0},"end":{"line":5,"column":13}},"loc":{"start":{"line":5,"column":0},"end":{"line":5,"column":13}}},"1":{"name":"LoggerService","decl":{"start":{"line":9,"column":4},"end":{"line":9,"column":null}},"loc":{"start":{"line":9,"column":4},"end":{"line":10,"column":5}}},"2":{"name":"(anonymous_2)","decl":{"start":{"line":12,"column":4},"end":{"line":12,"column":11}},"loc":{"start":{"line":12,"column":28},"end":{"line":16,"column":5}}},"3":{"name":"(anonymous_3)","decl":{"start":{"line":18,"column":4},"end":{"line":18,"column":11}},"loc":{"start":{"line":18,"column":4},"end":{"line":22,"column":5}}}},"branchMap":{},"s":{"0":4,"1":4,"2":6,"3":4,"4":2,"5":4,"6":1,"7":4,"8":4,"9":4},"f":{"0":4,"1":6,"2":2,"3":1},"b":{}}
,"/Users/Hugo 1/Documents/Cours/5ème_année/Projets/Angular/pokemon/src/app/services/pokemon.service.ts": {"path":"/Users/Hugo 1/Documents/Cours/5ème_année/Projets/Angular/pokemon/src/app/services/pokemon.service.ts","statementMap":{"0":{"start":{"line":1,"column":0},"end":{"line":1,"column":43}},"1":{"start":{"line":2,"column":0},"end":{"line":2,"column":50}},"2":{"start":{"line":3,"column":0},"end":{"line":3,"column":44}},"3":{"start":{"line":4,"column":0},"end":{"line":4,"column":49}},"4":{"start":{"line":5,"column":0},"end":{"line":5,"column":52}},"5":{"start":{"line":8,"column":0},"end":{"line":8,"column":13}},"6":{"start":{"line":10,"column":24},"end":{"line":10,"column":30}},"7":{"start":{"line":13,"column":4},"end":{"line":20,"column":null}},"8":{"start":{"line":15,"column":20},"end":{"line":15,"column":31}},"9":{"start":{"line":16,"column":8},"end":{"line":18,"column":10}},"10":{"start":{"line":17,"column":24},"end":{"line":17,"column":62}},"11":{"start":{"line":22,"column":4},"end":{"line":41,"column":null}},"12":{"start":{"line":22,"column":4},"end":{"line":22,"column":21}},"13":{"start":{"line":25,"column":8},"end":{"line":39,"column":10}},"14":{"start":{"line":26,"column":24},"end":{"line":26,"column":67}},"15":{"start":{"line":27,"column":26},"end":{"line":27,"column":40}},"16":{"start":{"line":29,"column":33},"end":{"line":29,"column":35}},"17":{"start":{"line":30,"column":16},"end":{"line":32,"column":19}},"18":{"start":{"line":31,"column":20},"end":{"line":31,"column":73}},"19":{"start":{"line":33,"column":16},"end":{"line":33,"column":42}},"20":{"start":{"line":36,"column":16},"end":{"line":36,"column":38}},"21":{"start":{"line":38,"column":22},"end":{"line":38,"column":30}},"22":{"start":{"line":43,"column":4},"end":{"line":49,"column":null}},"23":{"start":{"line":45,"column":8},"end":{"line":47,"column":10}},"24":{"start":{"line":46,"column":24},"end":{"line":46,"column":57}},"25":{"start":{"line":51,"column":4},"end":{"line":59,"column":null}},"26":{"start":{"line":53,"column":18},"end":{"line":53,"column":46}},"27":{"start":{"line":54,"column":8},"end":{"line":56,"column":null}},"28":{"start":{"line":54,"column":21},"end":{"line":54,"column":22}},"29":{"start":{"line":55,"column":12},"end":{"line":55,"column":52}},"30":{"start":{"line":57,"column":8},"end":{"line":57,"column":29}},"31":{"start":{"line":8,"column":13},"end":{"line":61,"column":null}},"32":{"start":{"line":61,"column":0},"end":{"line":61,"column":null}},"33":{"start":{"line":8,"column":13},"end":{"line":8,"column":27}}},"fnMap":{"0":{"name":"(anonymous_0)","decl":{"start":{"line":8,"column":0},"end":{"line":8,"column":13}},"loc":{"start":{"line":8,"column":0},"end":{"line":8,"column":13}}},"1":{"name":"PokemonService","decl":{"start":{"line":10,"column":4},"end":{"line":10,"column":24}},"loc":{"start":{"line":10,"column":40},"end":{"line":11,"column":5}}},"2":{"name":"(anonymous_2)","decl":{"start":{"line":13,"column":4},"end":{"line":13,"column":25}},"loc":{"start":{"line":13,"column":47},"end":{"line":20,"column":5}}},"3":{"name":"(anonymous_3)","decl":{"start":{"line":17,"column":16},"end":{"line":17,"column":20}},"loc":{"start":{"line":17,"column":20},"end":{"line":17,"column":28}}},"4":{"name":"(anonymous_4)","decl":{"start":{"line":22,"column":4},"end":{"line":22,"column":21}},"loc":{"start":{"line":22,"column":34},"end":{"line":41,"column":5}}},"5":{"name":"(anonymous_5)","decl":{"start":{"line":26,"column":16},"end":{"line":26,"column":20}},"loc":{"start":{"line":26,"column":20},"end":{"line":26,"column":31}}},"6":{"name":"(anonymous_6)","decl":{"start":{"line":27,"column":16},"end":{"line":27,"column":17}},"loc":{"start":{"line":27,"column":21},"end":{"line":27,"column":30}}},"7":{"name":"(anonymous_7)","decl":{"start":{"line":28,"column":21},"end":{"line":28,"column":26}},"loc":{"start":{"line":28,"column":26},"end":{"line":34,"column":13}}},"8":{"name":"(anonymous_8)","decl":{"start":{"line":30,"column":26},"end":{"line":30,"column":30}},"loc":{"start":{"line":30,"column":30},"end":{"line":32,"column":17}}},"9":{"name":"(anonymous_9)","decl":{"start":{"line":35,"column":16},"end":{"line":35,"column":21}},"loc":{"start":{"line":35,"column":21},"end":{"line":37,"column":13}}},"10":{"name":"(anonymous_10)","decl":{"start":{"line":38,"column":16},"end":{"line":38,"column":22}},"loc":{"start":{"line":38,"column":16},"end":{"line":38,"column":29}}},"11":{"name":"(anonymous_11)","decl":{"start":{"line":43,"column":4},"end":{"line":43,"column":14}},"loc":{"start":{"line":43,"column":27},"end":{"line":49,"column":5}}},"12":{"name":"(anonymous_12)","decl":{"start":{"line":46,"column":16},"end":{"line":46,"column":20}},"loc":{"start":{"line":46,"column":20},"end":{"line":46,"column":31}}},"13":{"name":"(anonymous_13)","decl":{"start":{"line":51,"column":4},"end":{"line":51,"column":18}},"loc":{"start":{"line":51,"column":4},"end":{"line":59,"column":5}}}},"branchMap":{},"s":{"0":5,"1":5,"2":5,"3":5,"4":5,"5":5,"6":7,"7":5,"8":1,"9":1,"10":1,"11":5,"12":0,"13":0,"14":0,"15":0,"16":0,"17":0,"18":0,"19":0,"20":0,"21":0,"22":5,"23":303,"24":1,"25":5,"26":2,"27":2,"28":2,"29":302,"30":2,"31":5,"32":5,"33":5},"f":{"0":5,"1":7,"2":1,"3":1,"4":0,"5":0,"6":0,"7":0,"8":0,"9":0,"10":0,"11":303,"12":1,"13":2},"b":{}}
}
