TN:
SF:/Users/Hugo 1/Documents/Cours/5ème_année/Projets/Angular/pokemon/src/app/app.component.html
FNF:0
FNH:0
DA:1,1
LF:1
LH:1
BRF:0
BRH:0
end_of_record
TN:
SF:/Users/Hugo 1/Documents/Cours/5ème_année/Projets/Angular/pokemon/src/app/app.component.ts
FN:8,(anonymous_0)
FNF:1
FNH:1
FNDA:2,(anonymous_0)
DA:1,1
DA:8,1
DA:9,1
LF:3
LH:3
BRF:0
BRH:0
end_of_record
TN:
SF:/Users/Hugo 1/Documents/Cours/5ème_année/Projets/Angular/pokemon/src/app/animations/template.animations.ts
FNF:0
FNH:0
DA:1,3
DA:3,3
LF:2
LH:2
BRF:0
BRH:0
end_of_record
TN:
SF:/Users/Hugo 1/Documents/Cours/5ème_année/Projets/Angular/pokemon/src/app/fight/fight.component.html
FNF:0
FNH:0
DA:1,2
LF:1
LH:1
BRF:0
BRH:0
end_of_record
TN:
SF:/Users/Hugo 1/Documents/Cours/5ème_année/Projets/Angular/pokemon/src/app/fight/fight.component.ts
FN:21,(anonymous_0)
FN:33,FightComponent
FN:36,(anonymous_2)
FN:45,(anonymous_3)
FN:51,(anonymous_4)
FN:55,(anonymous_5)
FN:60,(anonymous_6)
FN:61,(anonymous_7)
FN:64,(anonymous_8)
FN:71,(anonymous_9)
FN:77,(anonymous_10)
FN:84,(anonymous_11)
FN:90,(anonymous_12)
FN:95,(anonymous_13)
FN:99,(anonymous_14)
FN:109,(anonymous_15)
FN:123,(anonymous_16)
FNF:17
FNH:5
FNDA:2,(anonymous_0)
FNDA:1,FightComponent
FNDA:1,(anonymous_2)
FNDA:0,(anonymous_3)
FNDA:1,(anonymous_4)
FNDA:1,(anonymous_5)
FNDA:0,(anonymous_6)
FNDA:0,(anonymous_7)
FNDA:0,(anonymous_8)
FNDA:0,(anonymous_9)
FNDA:0,(anonymous_10)
FNDA:0,(anonymous_11)
FNDA:0,(anonymous_12)
FNDA:0,(anonymous_13)
FNDA:0,(anonymous_14)
FNDA:0,(anonymous_15)
FNDA:0,(anonymous_16)
DA:1,2
DA:2,2
DA:3,2
DA:4,2
DA:5,2
DA:8,2
DA:10,2
DA:11,2
DA:13,2
DA:21,2
DA:26,1
DA:27,1
DA:30,1
DA:31,1
DA:33,1
DA:36,2
DA:38,1
DA:40,1
DA:42,1
DA:44,1
DA:45,1
DA:46,0
DA:51,2
DA:55,1
DA:56,1
DA:57,1
DA:58,1
DA:60,0
DA:62,0
DA:65,0
DA:71,2
DA:73,0
DA:77,2
DA:79,0
DA:81,0
DA:82,0
DA:83,0
DA:84,0
DA:85,0
DA:88,0
DA:89,0
DA:90,0
DA:91,0
DA:94,0
DA:95,0
DA:96,0
DA:97,0
DA:99,0
DA:100,0
DA:101,0
DA:103,0
DA:104,0
DA:109,2
DA:111,0
DA:112,0
DA:113,0
DA:114,0
DA:115,0
DA:117,0
DA:118,0
DA:123,2
DA:125,0
DA:129,2
LF:63
LH:31
BRDA:46,0,0,0
BRDA:46,0,1,0
BRDA:81,1,0,0
BRDA:81,1,1,0
BRDA:96,2,0,0
BRDA:96,2,1,0
BRDA:103,3,0,0
BRDA:103,3,1,0
BRDA:103,4,0,0
BRDA:103,4,1,0
BRDA:111,5,0,0
BRDA:111,5,1,0
BRF:12
BRH:0
end_of_record
TN:
SF:/Users/Hugo 1/Documents/Cours/5ème_année/Projets/Angular/pokemon/src/app/home/home.component.html
FNF:0
FNH:0
DA:1,2
LF:1
LH:1
BRF:0
BRH:0
end_of_record
TN:
SF:/Users/Hugo 1/Documents/Cours/5ème_année/Projets/Angular/pokemon/src/app/home/home.component.ts
FN:16,(anonymous_0)
FN:22,HomeComponent
FN:25,(anonymous_2)
FN:29,(anonymous_3)
FN:30,(anonymous_4)
FN:34,(anonymous_5)
FN:39,(anonymous_6)
FN:45,(anonymous_7)
FN:48,(anonymous_8)
FN:67,(anonymous_9)
FNF:10
FNH:4
FNDA:2,(anonymous_0)
FNDA:1,HomeComponent
FNDA:1,(anonymous_2)
FNDA:0,(anonymous_3)
FNDA:0,(anonymous_4)
FNDA:1,(anonymous_5)
FNDA:0,(anonymous_6)
FNDA:0,(anonymous_7)
FNDA:0,(anonymous_8)
FNDA:0,(anonymous_9)
DA:1,2
DA:2,2
DA:3,2
DA:6,2
DA:8,2
DA:16,2
DA:19,1
DA:20,1
DA:22,1
DA:25,2
DA:27,1
DA:29,1
DA:30,0
DA:31,0
DA:33,0
DA:35,1
DA:38,1
DA:39,1
DA:40,0
DA:45,2
DA:47,0
DA:48,0
DA:49,0
DA:50,0
DA:53,0
DA:54,0
DA:55,0
DA:57,0
DA:58,0
DA:59,0
DA:61,0
DA:62,0
DA:67,2
DA:69,0
DA:73,2
LF:35
LH:18
BRDA:40,0,0,0
BRDA:40,0,1,0
BRDA:49,1,0,0
BRDA:49,1,1,0
BRDA:53,2,0,0
BRDA:53,2,1,0
BRDA:57,3,0,0
BRDA:57,3,1,0
BRF:8
BRH:0
end_of_record
TN:
SF:/Users/Hugo 1/Documents/Cours/5ème_année/Projets/Angular/pokemon/src/app/model/log.ts
FN:1,(anonymous_0)
FN:3,Log
FN:8,(anonymous_2)
FNF:3
FNH:3
FNDA:5,(anonymous_0)
FNDA:4,Log
FNDA:5,(anonymous_2)
DA:1,5
DA:3,4
DA:6,5
DA:8,5
DA:10,5
DA:11,5
DA:12,5
DA:13,5
LF:8
LH:8
BRDA:8,0,0,5
BRDA:8,0,1,5
BRF:2
BRH:2
end_of_record
TN:
SF:/Users/Hugo 1/Documents/Cours/5ème_année/Projets/Angular/pokemon/src/app/model/pokemon.ts
FN:1,(anonymous_0)
FN:3,Pokemon
FN:18,(anonymous_2)
FN:37,(anonymous_3)
FN:38,(anonymous_4)
FN:55,(anonymous_5)
FN:57,AttackResult
FN:62,(anonymous_7)
FN:64,Move
FN:69,(anonymous_9)
FNF:10
FNH:9
FNDA:6,(anonymous_0)
FNDA:6,Pokemon
FNDA:1,(anonymous_2)
FNDA:1,(anonymous_3)
FNDA:0,(anonymous_4)
FNDA:6,(anonymous_5)
FNDA:1,AttackResult
FNDA:6,(anonymous_7)
FNDA:11,Move
FNDA:2,(anonymous_9)
DA:1,6
DA:4,6
DA:5,6
DA:6,6
DA:7,6
DA:8,6
DA:9,6
DA:10,6
DA:11,6
DA:12,6
DA:13,6
DA:14,6
DA:15,6
DA:18,6
DA:20,1
DA:37,6
DA:38,1
DA:41,1
DA:42,1
DA:43,1
DA:44,1
DA:45,1
DA:47,0
DA:49,1
DA:53,6
DA:55,6
DA:57,1
DA:60,6
DA:62,6
DA:65,11
DA:66,11
DA:69,6
DA:71,2
DA:75,6
LF:34
LH:33
BRDA:38,0,0,0
BRDA:38,0,1,1
BRDA:44,1,0,1
BRDA:44,1,1,0
BRF:4
BRH:2
end_of_record
TN:
SF:/Users/Hugo 1/Documents/Cours/5ème_année/Projets/Angular/pokemon/src/app/services/fight.service.ts
FN:16,(anonymous_0)
FN:25,FightService
FN:28,(anonymous_2)
FN:34,(anonymous_3)
FN:40,(anonymous_4)
FN:48,(anonymous_5)
FN:49,(anonymous_6)
FN:52,(anonymous_7)
FN:68,(anonymous_8)
FN:73,(anonymous_9)
FN:83,(anonymous_10)
FN:87,(anonymous_11)
FN:88,(anonymous_12)
FN:89,(anonymous_13)
FN:112,(anonymous_14)
FN:117,(anonymous_15)
FN:120,(anonymous_16)
FN:122,(anonymous_17)
FN:123,(anonymous_18)
FNF:19
FNH:4
FNDA:3,(anonymous_0)
FNDA:3,FightService
FNDA:1,(anonymous_2)
FNDA:2,(anonymous_3)
FNDA:0,(anonymous_4)
FNDA:0,(anonymous_5)
FNDA:0,(anonymous_6)
FNDA:0,(anonymous_7)
FNDA:0,(anonymous_8)
FNDA:0,(anonymous_9)
FNDA:0,(anonymous_10)
FNDA:0,(anonymous_11)
FNDA:0,(anonymous_12)
FNDA:0,(anonymous_13)
FNDA:0,(anonymous_14)
FNDA:0,(anonymous_15)
FNDA:0,(anonymous_16)
FNDA:0,(anonymous_17)
FNDA:0,(anonymous_18)
DA:1,3
DA:2,3
DA:3,3
DA:6,3
DA:8,3
DA:9,3
DA:16,3
DA:22,3
DA:25,3
DA:28,3
DA:30,1
DA:34,3
DA:36,2
DA:40,3
DA:45,0
DA:48,0
DA:50,0
DA:53,0
DA:54,0
DA:55,0
DA:57,0
DA:58,0
DA:60,0
DA:61,0
DA:63,0
DA:64,0
DA:66,0
DA:68,0
DA:73,3
DA:75,0
DA:76,0
DA:77,0
DA:79,0
DA:83,3
DA:85,0
DA:87,0
DA:88,0
DA:91,0
DA:93,0
DA:95,0
DA:97,0
DA:98,0
DA:100,0
DA:102,0
DA:103,0
DA:104,0
DA:107,0
DA:108,0
DA:109,0
DA:112,0
DA:117,3
DA:119,0
DA:120,0
DA:121,0
DA:122,0
DA:123,0
DA:124,0
DA:125,0
DA:130,0
DA:134,3
LF:60
LH:18
BRDA:36,0,0,1
BRDA:36,0,1,1
BRDA:61,1,0,0
BRDA:61,1,1,0
BRDA:75,2,0,0
BRDA:75,2,1,0
BRDA:75,3,0,0
BRDA:75,3,1,0
BRDA:76,4,0,0
BRDA:76,4,1,0
BRDA:97,5,0,0
BRDA:97,5,1,0
BRDA:102,6,0,0
BRDA:102,6,1,0
BRDA:119,7,0,0
BRDA:119,7,1,0
BRF:16
BRH:2
end_of_record
TN:
SF:/Users/Hugo 1/Documents/Cours/5ème_année/Projets/Angular/pokemon/src/app/services/logger.service.ts
FN:5,(anonymous_0)
FN:9,LoggerService
FN:12,(anonymous_2)
FN:18,(anonymous_3)
FNF:4
FNH:4
FNDA:4,(anonymous_0)
FNDA:6,LoggerService
FNDA:2,(anonymous_2)
FNDA:1,(anonymous_3)
DA:1,4
DA:5,4
DA:7,6
DA:12,4
DA:14,2
DA:18,4
DA:20,1
DA:24,4
LF:8
LH:8
BRF:0
BRH:0
end_of_record
TN:
SF:/Users/Hugo 1/Documents/Cours/5ème_année/Projets/Angular/pokemon/src/app/services/pokemon.service.ts
FN:8,(anonymous_0)
FN:10,PokemonService
FN:13,(anonymous_2)
FN:17,(anonymous_3)
FN:22,(anonymous_4)
FN:26,(anonymous_5)
FN:27,(anonymous_6)
FN:28,(anonymous_7)
FN:30,(anonymous_8)
FN:35,(anonymous_9)
FN:38,(anonymous_10)
FN:43,(anonymous_11)
FN:46,(anonymous_12)
FN:51,(anonymous_13)
FNF:14
FNH:7
FNDA:5,(anonymous_0)
FNDA:7,PokemonService
FNDA:1,(anonymous_2)
FNDA:1,(anonymous_3)
FNDA:0,(anonymous_4)
FNDA:0,(anonymous_5)
FNDA:0,(anonymous_6)
FNDA:0,(anonymous_7)
FNDA:0,(anonymous_8)
FNDA:0,(anonymous_9)
FNDA:0,(anonymous_10)
FNDA:303,(anonymous_11)
FNDA:1,(anonymous_12)
FNDA:2,(anonymous_13)
DA:1,5
DA:2,5
DA:3,5
DA:4,5
DA:5,5
DA:8,5
DA:10,7
DA:13,5
DA:15,1
DA:16,1
DA:17,1
DA:22,5
DA:25,0
DA:26,0
DA:27,0
DA:29,0
DA:30,0
DA:31,0
DA:33,0
DA:36,0
DA:38,0
DA:43,5
DA:45,303
DA:46,1
DA:51,5
DA:53,2
DA:54,2
DA:55,302
DA:57,2
DA:61,5
LF:30
LH:21
BRF:0
BRH:0
end_of_record
